<?xml version="1.0" encoding="UTF-8"?>
<!-- Generated by org.testng.reporters.JUnitXMLReporter -->
<testsuite hostname="LAPTOP-DF5CB6SE" ignored="0" name="Win7 Browser Chrome" tests="1" failures="1" timestamp="18 Oct 2018 17:04:17 GMT" time="15.749" errors="0">
  <testcase name="testTitle" time="0.011" classname="com.grapeapp.qa.testcases.LoginPageTests">
    <failure type="java.lang.NullPointerException">
      <![CDATA[java.lang.NullPointerException
	at com.grapeapp.qa.pages.LoginPage.getTitle(LoginPage.java:37)
	at com.grapeapp.qa.testcases.LoginPageTests.testTitle(LoginPageTests.java:16)
	at java.util.concurrent.FutureTask.run(FutureTask.java:266)
	at java.util.concurrent.ThreadPoolExecutor.runWorker(ThreadPoolExecutor.java:1149)
	at java.util.concurrent.ThreadPoolExecutor$Worker.run(ThreadPoolExecutor.java:624)
	at java.lang.Thread.run(Thread.java:748)
... Removed 16 stack frames]]>
    </failure>
  </testcase> <!-- testTitle -->
</testsuite> <!-- Win7 Browser Chrome -->
