<?xml version="1.0" encoding="UTF-8"?>
<!-- Generated by org.testng.reporters.JUnitXMLReporter -->
<testsuite hostname="LAPTOP-DF5CB6SE" ignored="0" name="chromeTests" tests="1" failures="1" timestamp="18 Oct 2018 22:24:18 GMT" time="8.304" errors="0">
  <testcase name="testTitle" time="0.078" classname="com.grapeapp.qa.testcases.LoginPageTests">
    <failure type="java.lang.AssertionError" message="expected [#1 Free CRM software in the cloud for sales and service.] but found [#1 Free CRM software in the cloud for sales and service]">
      <![CDATA[java.lang.AssertionError: expected [#1 Free CRM software in the cloud for sales and service.] but found [#1 Free CRM software in the cloud for sales and service]
	at com.grapeapp.qa.testcases.LoginPageTests.testTitle(LoginPageTests.java:28)
... Removed 31 stack frames]]>
    </failure>
  </testcase> <!-- testTitle -->
</testsuite> <!-- chromeTests -->
