<?xml version="1.0" encoding="UTF-8"?>
<!-- Generated by org.testng.reporters.JUnitXMLReporter -->
<testsuite hostname="LAPTOP-DF5CB6SE" ignored="0" name="Test" tests="1" failures="1" timestamp="23 Oct 2018 23:20:07 GMT" time="13.008" errors="0">
  <testcase name="testCompanyPhoneFromGrid" time="4.12" classname="com.grapeapp.qa.testcases.CompanyPageTests">
    <failure type="java.lang.AssertionError" message="expected [(212) 985-9999] but found []">
      <![CDATA[java.lang.AssertionError: expected [(212) 985-9999] but found []
	at com.grapeapp.qa.testcases.CompanyPageTests.testCompanyPhoneFromGrid(CompanyPageTests.java:28)
... Removed 31 stack frames]]>
    </failure>
  </testcase> <!-- testCompanyPhoneFromGrid -->
</testsuite> <!-- Test -->
