<?xml version="1.0" encoding="UTF-8"?>
<testng-results skipped="0" failed="0" ignored="0" total="1" passed="1">
  <reporter-output>
  </reporter-output>
  <suite name="Default suite" duration-ms="7407" started-at="2018-10-23T02:20:30Z" finished-at="2018-10-23T02:20:37Z">
    <groups>
    </groups>
    <test name="Default test" duration-ms="7407" started-at="2018-10-23T02:20:30Z" finished-at="2018-10-23T02:20:37Z">
      <class name="com.grapeapp.qa.testcases.HomePageTests">
        <test-method status="PASS" signature="setUpSuite()[pri:0, instance:com.grapeapp.qa.testcases.HomePageTests@5f341870]" name="setUpSuite" is-config="true" duration-ms="445" started-at="2018-10-22T22:20:30Z" finished-at="2018-10-22T22:20:30Z">
          <reporter-output>
          </reporter-output>
        </test-method> <!-- setUpSuite -->
        <test-method status="PASS" signature="setUpMethod(java.lang.reflect.Method)[pri:0, instance:com.grapeapp.qa.testcases.HomePageTests@5f341870]" name="setUpMethod" is-config="true" duration-ms="4339" started-at="2018-10-22T22:20:30Z" finished-at="2018-10-22T22:20:34Z">
          <params>
            <param index="0">
              <value>
                <![CDATA[public void com.grapeapp.qa.testcases.HomePageTests.testTitle()]]>
              </value>
            </param>
          </params>
          <reporter-output>
          </reporter-output>
        </test-method> <!-- setUpMethod -->
        <test-method status="PASS" signature="testTitle()[pri:1, instance:com.grapeapp.qa.testcases.HomePageTests@5f341870]" name="testTitle" duration-ms="1673" started-at="2018-10-22T22:20:34Z" finished-at="2018-10-22T22:20:36Z">
          <reporter-output>
          </reporter-output>
        </test-method> <!-- testTitle -->
        <test-method status="PASS" signature="tearDownMethod(org.testng.ITestResult)[pri:0, instance:com.grapeapp.qa.testcases.HomePageTests@5f341870]" name="tearDownMethod" is-config="true" duration-ms="1370" started-at="2018-10-22T22:20:36Z" finished-at="2018-10-22T22:20:37Z">
          <params>
            <param index="0">
              <value>
                <![CDATA[[TestResult name=testTitle status=SUCCESS method=HomePageTests.testTitle()[pri:1, instance:com.grapeapp.qa.testcases.HomePageTests@5f341870] output={null}]]]>
              </value>
            </param>
          </params>
          <reporter-output>
          </reporter-output>
        </test-method> <!-- tearDownMethod -->
        <test-method status="PASS" signature="tearDownSuite()[pri:0, instance:com.grapeapp.qa.testcases.HomePageTests@5f341870]" name="tearDownSuite" is-config="true" duration-ms="725" started-at="2018-10-22T22:20:38Z" finished-at="2018-10-22T22:20:38Z">
          <reporter-output>
          </reporter-output>
        </test-method> <!-- tearDownSuite -->
      </class> <!-- com.grapeapp.qa.testcases.HomePageTests -->
    </test> <!-- Default test -->
  </suite> <!-- Default suite -->
</testng-results>
